Using pre-set license
Built from '2022.3/staging' branch; Version is '2022.3.46f1 (8e9b8558c41a) revision 9345925'; Using compiler version '192829333'; Build Type 'Release'
OS: 'Windows 11  (10.0.22631) 64bit Professional' Language: 'en' Physical Memory: 15770 MB
BatchMode: 1, IsHumanControllingUs: 0, StartBugReporterOnCrash: 0, Is64bit: 1, IsPro: 1

COMMAND LINE ARGUMENTS:
C:\Program Files\Unity\Hub\Editor\2022.3.46f1\Editor\Unity.exe
-adb2
-batchMode
-noUpm
-name
AssetImportWorker3
-projectPath
C:/Users/jesus/OneDrive/Documents/GitHub/Default-Studio-Game/Unity Project
-logFile
Logs/AssetImportWorker3.log
-srvPort
58464
Successfully changed project path to: C:/Users/jesus/OneDrive/Documents/GitHub/Default-Studio-Game/Unity Project
C:/Users/jesus/OneDrive/Documents/GitHub/Default-Studio-Game/Unity Project
[UnityMemory] Configuration Parameters - Can be set up in boot.config
    "memorysetup-bucket-allocator-granularity=16"
    "memorysetup-bucket-allocator-bucket-count=8"
    "memorysetup-bucket-allocator-block-size=33554432"
    "memorysetup-bucket-allocator-block-count=8"
    "memorysetup-main-allocator-block-size=16777216"
    "memorysetup-thread-allocator-block-size=16777216"
    "memorysetup-gfx-main-allocator-block-size=16777216"
    "memorysetup-gfx-thread-allocator-block-size=16777216"
    "memorysetup-cache-allocator-block-size=4194304"
    "memorysetup-typetree-allocator-block-size=2097152"
    "memorysetup-profiler-bucket-allocator-granularity=16"
    "memorysetup-profiler-bucket-allocator-bucket-count=8"
    "memorysetup-profiler-bucket-allocator-block-size=33554432"
    "memorysetup-profiler-bucket-allocator-block-count=8"
    "memorysetup-profiler-allocator-block-size=16777216"
    "memorysetup-profiler-editor-allocator-block-size=1048576"
    "memorysetup-temp-allocator-size-main=16777216"
    "memorysetup-job-temp-allocator-block-size=2097152"
    "memorysetup-job-temp-allocator-block-size-background=1048576"
    "memorysetup-job-temp-allocator-reduction-small-platforms=262144"
    "memorysetup-allocator-temp-initial-block-size-main=262144"
    "memorysetup-allocator-temp-initial-block-size-worker=262144"
    "memorysetup-temp-allocator-size-background-worker=32768"
    "memorysetup-temp-allocator-size-job-worker=262144"
    "memorysetup-temp-allocator-size-preload-manager=33554432"
    "memorysetup-temp-allocator-size-nav-mesh-worker=65536"
    "memorysetup-temp-allocator-size-audio-worker=65536"
    "memorysetup-temp-allocator-size-cloud-worker=32768"
    "memorysetup-temp-allocator-size-gi-baking-worker=262144"
    "memorysetup-temp-allocator-size-gfx=262144"
Player connection [33252]  Target information:

Player connection [33252]  * "[IP] 172.30.64.1 [Port] 0 [Flags] 2 [Guid] 3299940742 [EditorId] 3299940742 [Version] 1048832 [Id] WindowsEditor(7,WhiteMarvineta) [Debug] 1 [PackageName] WindowsEditor [ProjectName] Editor" 

Player connection [33252]  * "[IP] 192.168.56.1 [Port] 0 [Flags] 2 [Guid] 3299940742 [EditorId] 3299940742 [Version] 1048832 [Id] WindowsEditor(7,WhiteMarvineta) [Debug] 1 [PackageName] WindowsEditor [ProjectName] Editor" 

Player connection [33252]  * "[IP] 10.202.27.251 [Port] 0 [Flags] 2 [Guid] 3299940742 [EditorId] 3299940742 [Version] 1048832 [Id] WindowsEditor(7,WhiteMarvineta) [Debug] 1 [PackageName] WindowsEditor [ProjectName] Editor" 

Player connection [33252] Host joined multi-casting on [225.0.0.222:54997]...
Player connection [33252] Host joined alternative multi-casting on [225.0.0.222:34997]...
[PhysX] Initialized MultithreadedTaskDispatcher with 16 workers.
Refreshing native plugins compatible for Editor in 44.93 ms, found 4 plugins.
Preloading 0 native plugins for Editor in 0.00 ms.
Initialize engine version: 2022.3.46f1 (8e9b8558c41a)
[Subsystems] Discovering subsystems at path C:/Program Files/Unity/Hub/Editor/2022.3.46f1/Editor/Data/Resources/UnitySubsystems
[Subsystems] Discovering subsystems at path C:/Users/jesus/OneDrive/Documents/GitHub/Default-Studio-Game/Unity Project/Assets
GfxDevice: creating device client; threaded=0; jobified=0
Direct3D:
    Version:  Direct3D 11.0 [level 11.1]
    Renderer: AMD Radeon(TM) Graphics (ID=0x1638)
    Vendor:   ATI
    VRAM:     7885 MB
    Driver:   31.0.14057.2005
Initialize mono
Mono path[0] = 'C:/Program Files/Unity/Hub/Editor/2022.3.46f1/Editor/Data/Managed'
Mono path[1] = 'C:/Program Files/Unity/Hub/Editor/2022.3.46f1/Editor/Data/MonoBleedingEdge/lib/mono/unityjit-win32'
Mono config path = 'C:/Program Files/Unity/Hub/Editor/2022.3.46f1/Editor/Data/MonoBleedingEdge/etc'
Using monoOptions --debugger-agent=transport=dt_socket,embedding=1,server=y,suspend=n,address=127.0.0.1:56712
Begin MonoManager ReloadAssembly
Registering precompiled unity dll's ...
Register platform support module: C:/Program Files/Unity/Hub/Editor/2022.3.46f1/Editor/Data/PlaybackEngines/WindowsStandaloneSupport/UnityEditor.WindowsStandalone.Extensions.dll
Registered in 0.015093 seconds.
- Loaded All Assemblies, in  0.582 seconds
Native extension for WindowsStandalone target not found
Mono: successfully reloaded assembly
- Finished resetting the current domain, in  0.431 seconds
Domain Reload Profiling: 1009ms
	BeginReloadAssembly (176ms)
		ExecutionOrderSort (0ms)
		DisableScriptedObjects (0ms)
		BackupInstance (0ms)
		ReleaseScriptingObjects (0ms)
		CreateAndSetChildDomain (2ms)
	RebuildCommonClasses (76ms)
	RebuildNativeTypeToScriptingClass (18ms)
	initialDomainReloadingComplete (107ms)
	LoadAllAssembliesAndSetupDomain (200ms)
		LoadAssemblies (170ms)
		RebuildTransferFunctionScriptingTraits (0ms)
		AnalyzeDomain (197ms)
			TypeCache.Refresh (195ms)
				TypeCache.ScanAssembly (176ms)
			ScanForSourceGeneratedMonoScriptInfo (0ms)
			ResolveRequiredComponents (1ms)
	FinalizeReload (432ms)
		ReleaseScriptCaches (0ms)
		RebuildScriptCaches (0ms)
		SetupLoadedEditorAssemblies (361ms)
			LogAssemblyErrors (0ms)
			InitializePlatformSupportModulesInManaged (16ms)
			SetLoadedEditorAssemblies (11ms)
			RefreshPlugins (0ms)
			BeforeProcessingInitializeOnLoad (3ms)
			ProcessInitializeOnLoadAttributes (247ms)
			ProcessInitializeOnLoadMethodAttributes (84ms)
			AfterProcessingInitializeOnLoad (0ms)
			EditorAssembliesLoaded (0ms)
		ExecutionOrderSort2 (0ms)
		AwakeInstancesAfterBackupRestoration (0ms)
========================================================================
Worker process is ready to serve import requests
Caller must complete domain reload
Begin MonoManager ReloadAssembly
- Loaded All Assemblies, in  1.253 seconds
Native extension for WindowsStandalone target not found
Package Manager log level set to [2]
[Package Manager] Server::EnsureServerProcessIsRunning -- launch failed, reason: Unity was launched with the -noUpm command-line argument
[Package Manager] UpmClient::Send -- Unable to send message (not connected to UPM process).
[Package Manager] Cannot connect to Unity Package Manager local server
Mono: successfully reloaded assembly
- Finished resetting the current domain, in  1.294 seconds
Domain Reload Profiling: 2537ms
	BeginReloadAssembly (262ms)
		ExecutionOrderSort (0ms)
		DisableScriptedObjects (10ms)
		BackupInstance (0ms)
		ReleaseScriptingObjects (0ms)
		CreateAndSetChildDomain (39ms)
	RebuildCommonClasses (46ms)
	RebuildNativeTypeToScriptingClass (13ms)
	initialDomainReloadingComplete (72ms)
	LoadAllAssembliesAndSetupDomain (849ms)
		LoadAssemblies (657ms)
		RebuildTransferFunctionScriptingTraits (0ms)
		AnalyzeDomain (337ms)
			TypeCache.Refresh (283ms)
				TypeCache.ScanAssembly (253ms)
			ScanForSourceGeneratedMonoScriptInfo (40ms)
			ResolveRequiredComponents (12ms)
	FinalizeReload (1294ms)
		ReleaseScriptCaches (0ms)
		RebuildScriptCaches (0ms)
		SetupLoadedEditorAssemblies (1029ms)
			LogAssemblyErrors (0ms)
			InitializePlatformSupportModulesInManaged (12ms)
			SetLoadedEditorAssemblies (6ms)
			RefreshPlugins (0ms)
			BeforeProcessingInitializeOnLoad (139ms)
			ProcessInitializeOnLoadAttributes (791ms)
			ProcessInitializeOnLoadMethodAttributes (62ms)
			AfterProcessingInitializeOnLoad (18ms)
			EditorAssembliesLoaded (0ms)
		ExecutionOrderSort2 (0ms)
		AwakeInstancesAfterBackupRestoration (12ms)
Launched and connected shader compiler UnityShaderCompiler.exe after 0.16 seconds
Refreshing native plugins compatible for Editor in 18.12 ms, found 4 plugins.
Preloading 0 native plugins for Editor in 0.00 ms.
Unloading 4727 Unused Serialized files (Serialized files now loaded: 0)
Unloading 48 unused Assets / (131.5 KB). Loaded Objects now: 5199.
Memory consumption went from 160.2 MB to 160.1 MB.
Total: 6.107500 ms (FindLiveObjects: 0.883400 ms CreateObjectMapping: 0.248400 ms MarkObjects: 4.725500 ms  DeleteObjects: 0.248700 ms)

AssetImportParameters requested are different than current active one (requested -> active):
  custom:container-demuxer-ogg: 62fdf1f143b41e24485cea50d1cbac27 -> 
  custom:video-decoder-ogg-theora: a1e56fd34408186e4bbccfd4996cb3dc -> 
  custom:scripting/monoscript/fileName/WaveSpawnnerScript.cs: 292241c8ce448e9046c13da7e324a9cb -> 99b4b92bc58c4b65933256c99ffecbb0
  custom:framework-win-MediaFoundation: 216162199b28c13a410421893ffa2e32 -> 
  custom:CustomObjectIndexerAttribute: 9a22284fe3817be447336de3de66b15e -> 
  custom:container-demuxer-webm: 4f35f7cbe854078d1ac9338744f61a02 -> 
  custom:container-muxer-webm: aa71ff27fc2769a1b78a27578f13a17b -> 
  custom:video-decoder-webm-vp8: 9c59270c3fd7afecdb556c50c9e8de78 -> 
  custom:SearchIndexIgnoredProperties: e643bd26f0fe6173181afceb89e7c659 -> 
  custom:AudioImporter_EditorPlatform: d09bf68614088b80899f8185d706f6e7 -> 
  custom:video-encoder-webm-vp8: eb34c28f22e8b96e1ab97ce403110664 -> 
  custom:audio-decoder-ogg-vorbis: bf7c407c2cedff20999df2af8eb42d56 -> 
  custom:audio-encoder-webm-vorbis: bf7c407c2cedff20999df2af8eb42d56 -> 
========================================================================
Received Import Request.
  Time since last request: 370232.458701 seconds.
  path: Assets/Jesus Assets/Testing Files/Art/sprites/tilesets/TIles/decor_16x16_3.asset
  artifactKey: Guid(16479c739590b6348a0c4b50a9b21141) Importer(815301076,1909f56bfc062723c751e8b465ee728b)
Start importing Assets/Jesus Assets/Testing Files/Art/sprites/tilesets/TIles/decor_16x16_3.asset using Guid(16479c739590b6348a0c4b50a9b21141) Importer(815301076,1909f56bfc062723c751e8b465ee728b) [PhysX] Initialized MultithreadedTaskDispatcher with 16 workers.
 -> (artifact id: '5a7b706d448ca2877b3d8cfba41ecfc3') in 0.109950 seconds
Number of updated asset objects reloaded before import = 0
Number of asset objects unloaded after import = 3
========================================================================
Received Import Request.
  Time since last request: 0.000044 seconds.
  path: Assets/Jesus Assets/Testing Files/Art/sprites/tilesets/TIles/decor_16x16_19.asset
  artifactKey: Guid(7dda756b155890b4d94b7ce85bd6a96f) Importer(815301076,1909f56bfc062723c751e8b465ee728b)
Start importing Assets/Jesus Assets/Testing Files/Art/sprites/tilesets/TIles/decor_16x16_19.asset using Guid(7dda756b155890b4d94b7ce85bd6a96f) Importer(815301076,1909f56bfc062723c751e8b465ee728b) [PhysX] Initialized MultithreadedTaskDispatcher with 16 workers.
 -> (artifact id: '6820da65be20409e2cbdaec9ffee708c') in 0.009000 seconds
Number of updated asset objects reloaded before import = 0
Number of asset objects unloaded after import = 3
========================================================================
Received Import Request.
  Time since last request: 0.000036 seconds.
  path: Assets/Jesus Assets/Testing Files/Art/sprites/tilesets/TIles/fences_1.asset
  artifactKey: Guid(b5132866a040821419b5ed1511cd31d2) Importer(815301076,1909f56bfc062723c751e8b465ee728b)
Start importing Assets/Jesus Assets/Testing Files/Art/sprites/tilesets/TIles/fences_1.asset using Guid(b5132866a040821419b5ed1511cd31d2) Importer(815301076,1909f56bfc062723c751e8b465ee728b) [PhysX] Initialized MultithreadedTaskDispatcher with 16 workers.
 -> (artifact id: '819de01ff74ed4748b87ddee508d9441') in 0.013056 seconds
Number of updated asset objects reloaded before import = 0
Number of asset objects unloaded after import = 3
========================================================================
Received Import Request.
  Time since last request: 0.500904 seconds.
  path: Assets/Jesus Assets/Testing Files/Art/sprites/tilesets/TIles/fences_11.asset
  artifactKey: Guid(bb09402eb62286c42902ba0b3430bbc4) Importer(815301076,1909f56bfc062723c751e8b465ee728b)
Start importing Assets/Jesus Assets/Testing Files/Art/sprites/tilesets/TIles/fences_11.asset using Guid(bb09402eb62286c42902ba0b3430bbc4) Importer(815301076,1909f56bfc062723c751e8b465ee728b) [PhysX] Initialized MultithreadedTaskDispatcher with 16 workers.
 -> (artifact id: 'bfb7d8fa17b36c229c37a59e21b31c57') in 0.010197 seconds
Number of updated asset objects reloaded before import = 0
Number of asset objects unloaded after import = 3
========================================================================
Received Import Request.
  Time since last request: 0.000061 seconds.
  path: Assets/Jesus Assets/Testing Files/Art/sprites/tilesets/TIles/fences_15.asset
  artifactKey: Guid(0a3c3b37ca00d1c49bafda1659f6aa83) Importer(815301076,1909f56bfc062723c751e8b465ee728b)
Start importing Assets/Jesus Assets/Testing Files/Art/sprites/tilesets/TIles/fences_15.asset using Guid(0a3c3b37ca00d1c49bafda1659f6aa83) Importer(815301076,1909f56bfc062723c751e8b465ee728b) [PhysX] Initialized MultithreadedTaskDispatcher with 16 workers.
 -> (artifact id: 'b909db5acbe8c960c2e2d91fba753ebb') in 0.009045 seconds
Number of updated asset objects reloaded before import = 0
Number of asset objects unloaded after import = 3
========================================================================
Received Import Request.
  Time since last request: 0.000026 seconds.
  path: Assets/Jesus Assets/Testing Files/Art/sprites/tilesets/TIles/fences_12.asset
  artifactKey: Guid(0f5898d526f542546901cec5e3098900) Importer(815301076,1909f56bfc062723c751e8b465ee728b)
Start importing Assets/Jesus Assets/Testing Files/Art/sprites/tilesets/TIles/fences_12.asset using Guid(0f5898d526f542546901cec5e3098900) Importer(815301076,1909f56bfc062723c751e8b465ee728b) [PhysX] Initialized MultithreadedTaskDispatcher with 16 workers.
 -> (artifact id: 'cbf376965994344ef67cb2fc839f17fe') in 0.010442 seconds
Number of updated asset objects reloaded before import = 0
Number of asset objects unloaded after import = 3
========================================================================
Received Import Request.
  Time since last request: 0.304667 seconds.
  path: Assets/Jesus Assets/Testing Files/Art/sprites/tilesets/TIles/plains_3.asset
  artifactKey: Guid(b1525d33ba58536419fd949b7347f72b) Importer(815301076,1909f56bfc062723c751e8b465ee728b)
Start importing Assets/Jesus Assets/Testing Files/Art/sprites/tilesets/TIles/plains_3.asset using Guid(b1525d33ba58536419fd949b7347f72b) Importer(815301076,1909f56bfc062723c751e8b465ee728b) [PhysX] Initialized MultithreadedTaskDispatcher with 16 workers.
 -> (artifact id: '20b3301ea27aba28588eabc16eb376cd') in 0.015255 seconds
Number of updated asset objects reloaded before import = 0
Number of asset objects unloaded after import = 3
========================================================================
Received Import Request.
  Time since last request: 0.000025 seconds.
  path: Assets/Jesus Assets/Testing Files/Art/sprites/tilesets/TIles/plains_4.asset
  artifactKey: Guid(e0c64e8b3c3737247977920450eb3c88) Importer(815301076,1909f56bfc062723c751e8b465ee728b)
Start importing Assets/Jesus Assets/Testing Files/Art/sprites/tilesets/TIles/plains_4.asset using Guid(e0c64e8b3c3737247977920450eb3c88) Importer(815301076,1909f56bfc062723c751e8b465ee728b) [PhysX] Initialized MultithreadedTaskDispatcher with 16 workers.
 -> (artifact id: '7b7c988ba4456313948f54ddafc91782') in 0.007901 seconds
Number of updated asset objects reloaded before import = 0
Number of asset objects unloaded after import = 3
========================================================================
Received Import Request.
  Time since last request: 0.000024 seconds.
  path: Assets/Jesus Assets/Testing Files/Art/sprites/tilesets/TIles/plains_8.asset
  artifactKey: Guid(8bb23e23789a0904eb3e03609544166b) Importer(815301076,1909f56bfc062723c751e8b465ee728b)
Start importing Assets/Jesus Assets/Testing Files/Art/sprites/tilesets/TIles/plains_8.asset using Guid(8bb23e23789a0904eb3e03609544166b) Importer(815301076,1909f56bfc062723c751e8b465ee728b) [PhysX] Initialized MultithreadedTaskDispatcher with 16 workers.
 -> (artifact id: 'b14433e02598c7671ffc9b192dc014b1') in 0.007738 seconds
Number of updated asset objects reloaded before import = 0
Number of asset objects unloaded after import = 3
========================================================================
Received Import Request.
  Time since last request: 0.008244 seconds.
  path: Assets/Jesus Assets/Testing Files/Art/sprites/tilesets/TIles/plains_12.asset
  artifactKey: Guid(9e2a81af17146dc48ac99a14896bde2d) Importer(815301076,1909f56bfc062723c751e8b465ee728b)
Start importing Assets/Jesus Assets/Testing Files/Art/sprites/tilesets/TIles/plains_12.asset using Guid(9e2a81af17146dc48ac99a14896bde2d) Importer(815301076,1909f56bfc062723c751e8b465ee728b) [PhysX] Initialized MultithreadedTaskDispatcher with 16 workers.
 -> (artifact id: 'ec7ed754cd6e02f6bba651561af0e8af') in 0.008676 seconds
Number of updated asset objects reloaded before import = 0
Number of asset objects unloaded after import = 3
========================================================================
Received Import Request.
  Time since last request: 0.000021 seconds.
  path: Assets/Jesus Assets/Testing Files/Art/sprites/tilesets/TIles/plains_15.asset
  artifactKey: Guid(2c17fbf934379684d82e9e9bf79b1fac) Importer(815301076,1909f56bfc062723c751e8b465ee728b)
Start importing Assets/Jesus Assets/Testing Files/Art/sprites/tilesets/TIles/plains_15.asset using Guid(2c17fbf934379684d82e9e9bf79b1fac) Importer(815301076,1909f56bfc062723c751e8b465ee728b) [PhysX] Initialized MultithreadedTaskDispatcher with 16 workers.
 -> (artifact id: '237a8ef05830fcc93dc088aefab56f5d') in 0.007707 seconds
Number of updated asset objects reloaded before import = 0
Number of asset objects unloaded after import = 3
========================================================================
Received Import Request.
  Time since last request: 0.250500 seconds.
  path: Assets/Jesus Assets/Testing Files/Art/sprites/tilesets/TIles/plains_21.asset
  artifactKey: Guid(241baef458d222f4ea88c43943c1d602) Importer(815301076,1909f56bfc062723c751e8b465ee728b)
Start importing Assets/Jesus Assets/Testing Files/Art/sprites/tilesets/TIles/plains_21.asset using Guid(241baef458d222f4ea88c43943c1d602) Importer(815301076,1909f56bfc062723c751e8b465ee728b) [PhysX] Initialized MultithreadedTaskDispatcher with 16 workers.
 -> (artifact id: '3be057d7857d4a639d2dc948ae39d641') in 0.014422 seconds
Number of updated asset objects reloaded before import = 0
Number of asset objects unloaded after import = 3
========================================================================
Received Import Request.
  Time since last request: 0.000027 seconds.
  path: Assets/Jesus Assets/Testing Files/Art/sprites/tilesets/TIles/plains_24.asset
  artifactKey: Guid(c303f2fcefd1b8f49b3b3f5539a12b5d) Importer(815301076,1909f56bfc062723c751e8b465ee728b)
Start importing Assets/Jesus Assets/Testing Files/Art/sprites/tilesets/TIles/plains_24.asset using Guid(c303f2fcefd1b8f49b3b3f5539a12b5d) Importer(815301076,1909f56bfc062723c751e8b465ee728b) [PhysX] Initialized MultithreadedTaskDispatcher with 16 workers.
 -> (artifact id: 'ca95b15ddd17d70ff53ebcc4ceec93ee') in 0.007543 seconds
Number of updated asset objects reloaded before import = 0
Number of asset objects unloaded after import = 3
========================================================================
Received Import Request.
  Time since last request: 0.000028 seconds.
  path: Assets/Jesus Assets/Testing Files/Art/sprites/tilesets/TIles/plains_22.asset
  artifactKey: Guid(eaa00ac55c84a5c43b5429966a9e5c5c) Importer(815301076,1909f56bfc062723c751e8b465ee728b)
Start importing Assets/Jesus Assets/Testing Files/Art/sprites/tilesets/TIles/plains_22.asset using Guid(eaa00ac55c84a5c43b5429966a9e5c5c) Importer(815301076,1909f56bfc062723c751e8b465ee728b) [PhysX] Initialized MultithreadedTaskDispatcher with 16 workers.
 -> (artifact id: 'a5f97d5bd9e7ea7517c432e8cd1d9c3e') in 0.010212 seconds
Number of updated asset objects reloaded before import = 0
Number of asset objects unloaded after import = 3
========================================================================
Received Import Request.
  Time since last request: 0.295631 seconds.
  path: Assets/Jesus Assets/Testing Files/Art/sprites/tilesets/TIles/plains_30.asset
  artifactKey: Guid(5251c835e175ae14e8440440667e98f8) Importer(815301076,1909f56bfc062723c751e8b465ee728b)
Start importing Assets/Jesus Assets/Testing Files/Art/sprites/tilesets/TIles/plains_30.asset using Guid(5251c835e175ae14e8440440667e98f8) Importer(815301076,1909f56bfc062723c751e8b465ee728b) [PhysX] Initialized MultithreadedTaskDispatcher with 16 workers.
 -> (artifact id: '38dbec2e06ed31f93a0321cfc5a7e9ee') in 0.014044 seconds
Number of updated asset objects reloaded before import = 0
Number of asset objects unloaded after import = 3
========================================================================
Received Import Request.
  Time since last request: 0.000045 seconds.
  path: Assets/Jesus Assets/Testing Files/Art/sprites/tilesets/TIles/plains_34.asset
  artifactKey: Guid(a32cc4f98866daf429d82ac87e1162d0) Importer(815301076,1909f56bfc062723c751e8b465ee728b)
Start importing Assets/Jesus Assets/Testing Files/Art/sprites/tilesets/TIles/plains_34.asset using Guid(a32cc4f98866daf429d82ac87e1162d0) Importer(815301076,1909f56bfc062723c751e8b465ee728b) [PhysX] Initialized MultithreadedTaskDispatcher with 16 workers.
 -> (artifact id: '048975239490bbe06349e262f682c6f4') in 0.009999 seconds
Number of updated asset objects reloaded before import = 0
Number of asset objects unloaded after import = 3
========================================================================
Received Import Request.
  Time since last request: 0.029403 seconds.
  path: Assets/Jesus Assets/Testing Files/Art/sprites/tilesets/TIles/plains_39.asset
  artifactKey: Guid(afad6ce45282bc44b91db5b4f67a2f21) Importer(815301076,1909f56bfc062723c751e8b465ee728b)
Start importing Assets/Jesus Assets/Testing Files/Art/sprites/tilesets/TIles/plains_39.asset using Guid(afad6ce45282bc44b91db5b4f67a2f21) Importer(815301076,1909f56bfc062723c751e8b465ee728b) [PhysX] Initialized MultithreadedTaskDispatcher with 16 workers.
 -> (artifact id: '34b354c8994b9e320b2db1fdf6ae8a53') in 0.011673 seconds
Number of updated asset objects reloaded before import = 0
Number of asset objects unloaded after import = 3
========================================================================
Received Import Request.
  Time since last request: 0.000028 seconds.
  path: Assets/Jesus Assets/Testing Files/Art/sprites/tilesets/TIles/plains_42.asset
  artifactKey: Guid(46006b9419b4c984483e5711639e6144) Importer(815301076,1909f56bfc062723c751e8b465ee728b)
Start importing Assets/Jesus Assets/Testing Files/Art/sprites/tilesets/TIles/plains_42.asset using Guid(46006b9419b4c984483e5711639e6144) Importer(815301076,1909f56bfc062723c751e8b465ee728b) [PhysX] Initialized MultithreadedTaskDispatcher with 16 workers.
 -> (artifact id: '566623a46787acddb886456371b37465') in 0.008611 seconds
Number of updated asset objects reloaded before import = 0
Number of asset objects unloaded after import = 3
Editor requested this worker to shutdown with reason: Scaling down because of idle timeout
TcpMessagingSession - receive error: operation aborted. errorcode: 995, details: The I/O operation has been aborted because of either a thread exit or an application request.
AssetImportWorker is now disconnected from the server
Process exiting
Exiting without the bug reporter. Application will terminate with return code 0